<?xml version="1.0" encoding="UTF-8"?>
<!-- Generated by org.testng.reporters.JUnitXMLReporter -->
<testsuite hostname="RAM" ignored="0" name="Default test" tests="10" failures="0" timestamp="2020-07-04T01:43:03 IST" time="112.755" errors="0">
  <testcase name="test1" time="11.425" classname="com.extentreport.BasicExtentReport"/>
  <testcase name="test10" time="13.024" classname="com.extentreport.BasicExtentReport"/>
  <testcase name="test2" time="10.161" classname="com.extentreport.BasicExtentReport"/>
  <testcase name="test3" time="9.284" classname="com.extentreport.BasicExtentReport"/>
  <testcase name="test4" time="9.363" classname="com.extentreport.BasicExtentReport"/>
  <testcase name="test5" time="9.73" classname="com.extentreport.BasicExtentReport"/>
  <testcase name="test6" time="16.673" classname="com.extentreport.BasicExtentReport"/>
  <testcase name="test7" time="10.132" classname="com.extentreport.BasicExtentReport"/>
  <testcase name="test8" time="9.454" classname="com.extentreport.BasicExtentReport"/>
  <testcase name="test9" time="13.418" classname="com.extentreport.BasicExtentReport"/>
</testsuite> <!-- Default test -->
