<?xml version="1.0" encoding="UTF-8"?>
<!-- Generated by org.testng.reporters.JUnitXMLReporter -->
<testsuite hostname="RAM" ignored="0" name="Test" tests="6" failures="2" timestamp="2020-06-29T10:39:22 IST" time="0.176" errors="0">
  <testcase name="login" time="0.016" classname="testng.login1">
    <failure type="java.lang.NullPointerException">
      <![CDATA[java.lang.NullPointerException
at testng.login1.login(login1.java:14)
at java.util.ArrayList.forEach(ArrayList.java:1257)
... Removed 27 stack frames]]>
    </failure>
  </testcase> <!-- login -->
  <testcase name="loginInValidId" time="0.02" classname="testng.login1">
    <failure type="java.lang.NullPointerException">
      <![CDATA[java.lang.NullPointerException
at testng.login1.loginInValidId(login1.java:38)
at java.util.ArrayList.forEach(ArrayList.java:1257)
... Removed 27 stack frames]]>
    </failure>
  </testcase> <!-- loginInValidId -->
  <testcase name="add" time="0.012" classname="testng.Test1"/>
  <testcase name="sub" time="0.0" classname="testng.Test1"/>
  <testcase name="test1" time="0.004" classname="testng.Test1"/>
  <testcase name="test2" time="0.0" classname="testng.Test1"/>
</testsuite> <!-- Test -->
