<?xml version="1.0" encoding="UTF-8"?>
<!-- Generated by org.testng.reporters.JUnitXMLReporter -->
<testsuite hostname="RAM" ignored="0" name="Test" tests="21" failures="0" timestamp="2020-07-05T11:40:39 IST" time="140.586" errors="0">
  <testcase name="@AfterMethod tearDown" time="0.376" classname="com.extentreport.BasicExtentReport">
    <failure type="org.apache.commons.mail.EmailException" message="Cannot attach file &amp;quot;.LOGGERS.log&amp;quot;">
      <![CDATA[org.apache.commons.mail.EmailException: Cannot attach file ".LOGGERS.log"
at org.apache.commons.mail.MultiPartEmail.attach(MultiPartEmail.java:334)
at email.Email.sendEmail(Email.java:39)
at com.extentreport.BasicExtentReport.tearDown(BasicExtentReport.java:275)
at java.util.ArrayList.forEach(ArrayList.java:1257)
Caused by: java.io.IOException: ".LOGGERS.log" does not exist
at org.apache.commons.mail.MultiPartEmail.attach(MultiPartEmail.java:323)
... 35 more
... Removed 32 stack frames]]>
    </failure>
  </testcase> <!-- @AfterMethod tearDown -->
  <testcase name="@BeforeMethod setUp" time="-1.593929439451E9" classname="com.extentreport.BasicExtentReport">
    <skipped/>
  </testcase> <!-- @BeforeMethod setUp -->
  <testcase name="@AfterMethod tearDown" time="-1.593929439476E9" classname="com.extentreport.BasicExtentReport">
    <skipped/>
  </testcase> <!-- @AfterMethod tearDown -->
  <testcase name="@BeforeMethod setUp" time="-1.593929439476E9" classname="com.extentreport.BasicExtentReport">
    <skipped/>
  </testcase> <!-- @BeforeMethod setUp -->
  <testcase name="@AfterMethod tearDown" time="-1.593929439486E9" classname="com.extentreport.BasicExtentReport">
    <skipped/>
  </testcase> <!-- @AfterMethod tearDown -->
  <testcase name="@BeforeMethod setUp" time="-1.593929439491E9" classname="com.extentreport.BasicExtentReport">
    <skipped/>
  </testcase> <!-- @BeforeMethod setUp -->
  <testcase name="@AfterMethod tearDown" time="-1.593929439496E9" classname="com.extentreport.BasicExtentReport">
    <skipped/>
  </testcase> <!-- @AfterMethod tearDown -->
  <testcase name="@BeforeMethod setUp" time="-1.593929439496E9" classname="com.extentreport.BasicExtentReport">
    <skipped/>
  </testcase> <!-- @BeforeMethod setUp -->
  <testcase name="@AfterMethod tearDown" time="-1.593929439506E9" classname="com.extentreport.BasicExtentReport">
    <skipped/>
  </testcase> <!-- @AfterMethod tearDown -->
  <testcase name="@BeforeMethod setUp" time="-1.593929439509E9" classname="com.extentreport.BasicExtentReport">
    <skipped/>
  </testcase> <!-- @BeforeMethod setUp -->
  <testcase name="@AfterMethod tearDown" time="-1.593929439516E9" classname="com.extentreport.BasicExtentReport">
    <skipped/>
  </testcase> <!-- @AfterMethod tearDown -->
  <testcase name="@BeforeMethod setUp" time="-1.593929439526E9" classname="com.extentreport.BasicExtentReport">
    <skipped/>
  </testcase> <!-- @BeforeMethod setUp -->
  <testcase name="@AfterMethod tearDown" time="-1.593929439536E9" classname="com.extentreport.BasicExtentReport">
    <skipped/>
  </testcase> <!-- @AfterMethod tearDown -->
  <testcase name="@BeforeMethod setUp" time="-1.593929439536E9" classname="com.extentreport.BasicExtentReport">
    <skipped/>
  </testcase> <!-- @BeforeMethod setUp -->
  <testcase name="@AfterMethod tearDown" time="-1.593929439546E9" classname="com.extentreport.BasicExtentReport">
    <skipped/>
  </testcase> <!-- @AfterMethod tearDown -->
  <testcase name="@BeforeMethod setUp" time="-1.593929439551E9" classname="com.extentreport.BasicExtentReport">
    <skipped/>
  </testcase> <!-- @BeforeMethod setUp -->
  <testcase name="@AfterMethod tearDown" time="-1.593929439559E9" classname="com.extentreport.BasicExtentReport">
    <skipped/>
  </testcase> <!-- @AfterMethod tearDown -->
  <testcase name="@BeforeMethod setUp" time="-1.593929439561E9" classname="com.extentreport.BasicExtentReport">
    <skipped/>
  </testcase> <!-- @BeforeMethod setUp -->
  <testcase name="@AfterMethod tearDown" time="-1.593929439586E9" classname="com.extentreport.BasicExtentReport">
    <skipped/>
  </testcase> <!-- @AfterMethod tearDown -->
  <testcase name="ArrivalCalendarSelect_" time="12.148" classname="testcases.ArrivalCalendarSelect"/>
  <testcase name="scheduleFlight" time="14.112" classname="testcases.AddFlightDetails"/>
  <testcase name="DepartureTimeClick_" time="8.609" classname="testcases.DepartureTimeClick"/>
  <testcase name="ArrivalTimeClick_" time="14.668" classname="testcases.ArrivalTimeClick"/>
  <testcase name="signin" time="10.439" classname="testcases.scheduleflightpage"/>
  <testcase name="depatureCalendarClick_" time="10.355" classname="testcases.depatureCalendarClick"/>
  <testcase name="scheduleFlight" time="11.621" classname="testcases.schedule_flight"/>
  <testcase name="arrivalCalendarClick_" time="10.573" classname="testcases.arrivalCalendarClick"/>
  <testcase name="scheduleFlight" time="14.532" classname="testcases.CostOfClass"/>
  <testcase name="depatureCalendarClick_" time="10.309" classname="testcases.departureCalendarSelect"/>
  <testcase name="route_" time="10.602" classname="testcases.route"/>
  <testcase name="test1" time="11.141" classname="com.extentreport.BasicExtentReport"/>
  <testcase name="test10" time="0.0" classname="com.extentreport.BasicExtentReport">
    <skipped/>
  </testcase> <!-- test10 -->
  <testcase name="test2" time="0.0" classname="com.extentreport.BasicExtentReport">
    <skipped/>
  </testcase> <!-- test2 -->
  <testcase name="test3" time="0.0" classname="com.extentreport.BasicExtentReport">
    <skipped/>
  </testcase> <!-- test3 -->
  <testcase name="test4" time="0.0" classname="com.extentreport.BasicExtentReport">
    <skipped/>
  </testcase> <!-- test4 -->
  <testcase name="test5" time="0.0" classname="com.extentreport.BasicExtentReport">
    <skipped/>
  </testcase> <!-- test5 -->
  <testcase name="test6" time="0.0" classname="com.extentreport.BasicExtentReport">
    <skipped/>
  </testcase> <!-- test6 -->
  <testcase name="test7" time="0.0" classname="com.extentreport.BasicExtentReport">
    <skipped/>
  </testcase> <!-- test7 -->
  <testcase name="test8" time="0.0" classname="com.extentreport.BasicExtentReport">
    <skipped/>
  </testcase> <!-- test8 -->
  <testcase name="test9" time="0.0" classname="com.extentreport.BasicExtentReport">
    <skipped/>
  </testcase> <!-- test9 -->
</testsuite> <!-- Test -->
