<?xml version="1.0" encoding="UTF-8"?>
<!-- Generated by org.testng.reporters.JUnitXMLReporter -->
<testsuite hostname="RAM" ignored="0" name="Test" tests="10" failures="0" timestamp="2020-07-05T12:29:03 IST" time="119.968" errors="0">
  <testcase name="test1" time="12.452" classname="com.extentreport.BasicExtentReport"/>
  <testcase name="test10" time="14.051" classname="com.extentreport.BasicExtentReport"/>
  <testcase name="test2" time="10.52" classname="com.extentreport.BasicExtentReport"/>
  <testcase name="test3" time="11.266" classname="com.extentreport.BasicExtentReport"/>
  <testcase name="test4" time="9.386" classname="com.extentreport.BasicExtentReport"/>
  <testcase name="test5" time="9.994" classname="com.extentreport.BasicExtentReport"/>
  <testcase name="test6" time="15.286" classname="com.extentreport.BasicExtentReport"/>
  <testcase name="test7" time="10.468" classname="com.extentreport.BasicExtentReport"/>
  <testcase name="test8" time="10.235" classname="com.extentreport.BasicExtentReport"/>
  <testcase name="test9" time="14.742" classname="com.extentreport.BasicExtentReport"/>
</testsuite> <!-- Test -->
