<?xml version="1.0" encoding="UTF-8"?>
<testng-results skipped="0" failed="0" ignored="0" total="0" passed="0">
  <reporter-output>
  </reporter-output>
  <suite name="Resources.TestListener" duration-ms="10" started-at="2020-07-05T11:06:03 IST" finished-at="2020-07-05T11:06:03 IST">
    <groups>
    </groups>
    <test name="Command line test" duration-ms="10" started-at="2020-07-05T11:06:03 IST" finished-at="2020-07-05T11:06:03 IST">
    </test> <!-- Command line test -->
  </suite> <!-- Resources.TestListener -->
</testng-results>
