<?xml version="1.0" encoding="UTF-8"?>
<testng-results skipped="0" failed="0" ignored="0" total="10" passed="10">
  <reporter-output>
  </reporter-output>
  <suite name="Suite" duration-ms="119968" started-at="2020-07-05T12:27:03 IST" finished-at="2020-07-05T12:29:03 IST">
    <groups>
    </groups>
    <test name="Test" duration-ms="119968" started-at="2020-07-05T12:27:03 IST" finished-at="2020-07-05T12:29:03 IST">
      <class name="com.extentreport.BasicExtentReport">
        <test-method status="PASS" signature="setUp()[pri:0, instance:com.extentreport.BasicExtentReport@eec5a4a]" name="setUp" is-config="true" duration-ms="175" started-at="2020-07-05T12:27:02 IST" finished-at="2020-07-05T12:27:03 IST">
          <reporter-output>
          </reporter-output>
        </test-method> <!-- setUp -->
        <test-method status="PASS" signature="test1()[pri:0, instance:com.extentreport.BasicExtentReport@eec5a4a]" name="test1" duration-ms="12452" started-at="2020-07-05T12:27:03 IST" finished-at="2020-07-05T12:27:15 IST">
          <reporter-output>
          </reporter-output>
        </test-method> <!-- test1 -->
        <test-method status="PASS" signature="setUp()[pri:0, instance:com.extentreport.BasicExtentReport@eec5a4a]" name="setUp" is-config="true" duration-ms="0" started-at="2020-07-05T12:27:03 IST" finished-at="2020-07-05T12:27:03 IST">
          <reporter-output>
          </reporter-output>
        </test-method> <!-- setUp -->
        <test-method status="PASS" signature="tearDown()[pri:0, instance:com.extentreport.BasicExtentReport@eec5a4a]" name="tearDown" is-config="true" duration-ms="571" started-at="2020-07-05T12:27:15 IST" finished-at="2020-07-05T12:27:16 IST">
          <reporter-output>
          </reporter-output>
        </test-method> <!-- tearDown -->
        <test-method status="PASS" signature="setUp()[pri:0, instance:com.extentreport.BasicExtentReport@eec5a4a]" name="setUp" is-config="true" duration-ms="5" started-at="2020-07-05T12:27:16 IST" finished-at="2020-07-05T12:27:16 IST">
          <reporter-output>
          </reporter-output>
        </test-method> <!-- setUp -->
        <test-method status="PASS" signature="test10()[pri:0, instance:com.extentreport.BasicExtentReport@eec5a4a]" name="test10" duration-ms="14051" started-at="2020-07-05T12:27:16 IST" finished-at="2020-07-05T12:27:30 IST">
          <reporter-output>
          </reporter-output>
        </test-method> <!-- test10 -->
        <test-method status="PASS" signature="tearDown()[pri:0, instance:com.extentreport.BasicExtentReport@eec5a4a]" name="tearDown" is-config="true" duration-ms="116" started-at="2020-07-05T12:27:30 IST" finished-at="2020-07-05T12:27:30 IST">
          <reporter-output>
          </reporter-output>
        </test-method> <!-- tearDown -->
        <test-method status="PASS" signature="setUp()[pri:0, instance:com.extentreport.BasicExtentReport@eec5a4a]" name="setUp" is-config="true" duration-ms="2" started-at="2020-07-05T12:27:30 IST" finished-at="2020-07-05T12:27:30 IST">
          <reporter-output>
          </reporter-output>
        </test-method> <!-- setUp -->
        <test-method status="PASS" signature="test2()[pri:0, instance:com.extentreport.BasicExtentReport@eec5a4a]" name="test2" duration-ms="10520" started-at="2020-07-05T12:27:30 IST" finished-at="2020-07-05T12:27:40 IST">
          <reporter-output>
          </reporter-output>
        </test-method> <!-- test2 -->
        <test-method status="PASS" signature="tearDown()[pri:0, instance:com.extentreport.BasicExtentReport@eec5a4a]" name="tearDown" is-config="true" duration-ms="100" started-at="2020-07-05T12:27:40 IST" finished-at="2020-07-05T12:27:40 IST">
          <reporter-output>
          </reporter-output>
        </test-method> <!-- tearDown -->
        <test-method status="PASS" signature="test3()[pri:0, instance:com.extentreport.BasicExtentReport@eec5a4a]" name="test3" duration-ms="11266" started-at="2020-07-05T12:27:40 IST" finished-at="2020-07-05T12:27:52 IST">
          <reporter-output>
          </reporter-output>
        </test-method> <!-- test3 -->
        <test-method status="PASS" signature="setUp()[pri:0, instance:com.extentreport.BasicExtentReport@eec5a4a]" name="setUp" is-config="true" duration-ms="0" started-at="2020-07-05T12:27:40 IST" finished-at="2020-07-05T12:27:40 IST">
          <reporter-output>
          </reporter-output>
        </test-method> <!-- setUp -->
        <test-method status="PASS" signature="tearDown()[pri:0, instance:com.extentreport.BasicExtentReport@eec5a4a]" name="tearDown" is-config="true" duration-ms="120" started-at="2020-07-05T12:27:52 IST" finished-at="2020-07-05T12:27:52 IST">
          <reporter-output>
          </reporter-output>
        </test-method> <!-- tearDown -->
        <test-method status="PASS" signature="setUp()[pri:0, instance:com.extentreport.BasicExtentReport@eec5a4a]" name="setUp" is-config="true" duration-ms="5" started-at="2020-07-05T12:27:52 IST" finished-at="2020-07-05T12:27:52 IST">
          <reporter-output>
          </reporter-output>
        </test-method> <!-- setUp -->
        <test-method status="PASS" signature="test4()[pri:0, instance:com.extentreport.BasicExtentReport@eec5a4a]" name="test4" duration-ms="9386" started-at="2020-07-05T12:27:52 IST" finished-at="2020-07-05T12:28:01 IST">
          <reporter-output>
          </reporter-output>
        </test-method> <!-- test4 -->
        <test-method status="PASS" signature="tearDown()[pri:0, instance:com.extentreport.BasicExtentReport@eec5a4a]" name="tearDown" is-config="true" duration-ms="101" started-at="2020-07-05T12:28:01 IST" finished-at="2020-07-05T12:28:01 IST">
          <reporter-output>
          </reporter-output>
        </test-method> <!-- tearDown -->
        <test-method status="PASS" signature="test5()[pri:0, instance:com.extentreport.BasicExtentReport@eec5a4a]" name="test5" duration-ms="9994" started-at="2020-07-05T12:28:01 IST" finished-at="2020-07-05T12:28:11 IST">
          <reporter-output>
          </reporter-output>
        </test-method> <!-- test5 -->
        <test-method status="PASS" signature="setUp()[pri:0, instance:com.extentreport.BasicExtentReport@eec5a4a]" name="setUp" is-config="true" duration-ms="0" started-at="2020-07-05T12:28:01 IST" finished-at="2020-07-05T12:28:01 IST">
          <reporter-output>
          </reporter-output>
        </test-method> <!-- setUp -->
        <test-method status="PASS" signature="tearDown()[pri:0, instance:com.extentreport.BasicExtentReport@eec5a4a]" name="tearDown" is-config="true" duration-ms="100" started-at="2020-07-05T12:28:11 IST" finished-at="2020-07-05T12:28:11 IST">
          <reporter-output>
          </reporter-output>
        </test-method> <!-- tearDown -->
        <test-method status="PASS" signature="test6()[pri:0, instance:com.extentreport.BasicExtentReport@eec5a4a]" name="test6" duration-ms="15286" started-at="2020-07-05T12:28:11 IST" finished-at="2020-07-05T12:28:27 IST">
          <reporter-output>
          </reporter-output>
        </test-method> <!-- test6 -->
        <test-method status="PASS" signature="setUp()[pri:0, instance:com.extentreport.BasicExtentReport@eec5a4a]" name="setUp" is-config="true" duration-ms="0" started-at="2020-07-05T12:28:11 IST" finished-at="2020-07-05T12:28:11 IST">
          <reporter-output>
          </reporter-output>
        </test-method> <!-- setUp -->
        <test-method status="PASS" signature="tearDown()[pri:0, instance:com.extentreport.BasicExtentReport@eec5a4a]" name="tearDown" is-config="true" duration-ms="90" started-at="2020-07-05T12:28:27 IST" finished-at="2020-07-05T12:28:27 IST">
          <reporter-output>
          </reporter-output>
        </test-method> <!-- tearDown -->
        <test-method status="PASS" signature="setUp()[pri:0, instance:com.extentreport.BasicExtentReport@eec5a4a]" name="setUp" is-config="true" duration-ms="0" started-at="2020-07-05T12:28:27 IST" finished-at="2020-07-05T12:28:27 IST">
          <reporter-output>
          </reporter-output>
        </test-method> <!-- setUp -->
        <test-method status="PASS" signature="test7()[pri:0, instance:com.extentreport.BasicExtentReport@eec5a4a]" name="test7" duration-ms="10468" started-at="2020-07-05T12:28:27 IST" finished-at="2020-07-05T12:28:37 IST">
          <reporter-output>
          </reporter-output>
        </test-method> <!-- test7 -->
        <test-method status="PASS" signature="tearDown()[pri:0, instance:com.extentreport.BasicExtentReport@eec5a4a]" name="tearDown" is-config="true" duration-ms="105" started-at="2020-07-05T12:28:37 IST" finished-at="2020-07-05T12:28:37 IST">
          <reporter-output>
          </reporter-output>
        </test-method> <!-- tearDown -->
        <test-method status="PASS" signature="test8()[pri:0, instance:com.extentreport.BasicExtentReport@eec5a4a]" name="test8" duration-ms="10235" started-at="2020-07-05T12:28:37 IST" finished-at="2020-07-05T12:28:48 IST">
          <reporter-output>
          </reporter-output>
        </test-method> <!-- test8 -->
        <test-method status="PASS" signature="setUp()[pri:0, instance:com.extentreport.BasicExtentReport@eec5a4a]" name="setUp" is-config="true" duration-ms="0" started-at="2020-07-05T12:28:37 IST" finished-at="2020-07-05T12:28:37 IST">
          <reporter-output>
          </reporter-output>
        </test-method> <!-- setUp -->
        <test-method status="PASS" signature="tearDown()[pri:0, instance:com.extentreport.BasicExtentReport@eec5a4a]" name="tearDown" is-config="true" duration-ms="75" started-at="2020-07-05T12:28:48 IST" finished-at="2020-07-05T12:28:48 IST">
          <reporter-output>
          </reporter-output>
        </test-method> <!-- tearDown -->
        <test-method status="PASS" signature="setUp()[pri:0, instance:com.extentreport.BasicExtentReport@eec5a4a]" name="setUp" is-config="true" duration-ms="2" started-at="2020-07-05T12:28:48 IST" finished-at="2020-07-05T12:28:48 IST">
          <reporter-output>
          </reporter-output>
        </test-method> <!-- setUp -->
        <test-method status="PASS" signature="test9()[pri:0, instance:com.extentreport.BasicExtentReport@eec5a4a]" name="test9" duration-ms="14742" started-at="2020-07-05T12:28:48 IST" finished-at="2020-07-05T12:29:02 IST">
          <reporter-output>
          </reporter-output>
        </test-method> <!-- test9 -->
        <test-method status="PASS" signature="tearDown()[pri:0, instance:com.extentreport.BasicExtentReport@eec5a4a]" name="tearDown" is-config="true" duration-ms="115" started-at="2020-07-05T12:29:02 IST" finished-at="2020-07-05T12:29:03 IST">
          <reporter-output>
          </reporter-output>
        </test-method> <!-- tearDown -->
        <test-method status="PASS" signature="tearDown()[pri:0, instance:com.extentreport.BasicExtentReport@eec5a4a]" name="tearDown" is-config="true" duration-ms="100" started-at="2020-07-05T12:29:03 IST" finished-at="2020-07-05T12:29:03 IST">
          <reporter-output>
          </reporter-output>
        </test-method> <!-- tearDown -->
      </class> <!-- com.extentreport.BasicExtentReport -->
    </test> <!-- Test -->
  </suite> <!-- Suite -->
</testng-results>
