<?xml version="1.0" encoding="UTF-8"?>
<testsuite xmlns:xsi="http://www.w3.org/2001/XMLSchema-instance" xsi:schemaLocation="https://maven.apache.org/surefire/maven-surefire-plugin/xsd/surefire-test-report.xsd" name="TestSuite" time="122.037" tests="10" errors="0" skipped="0" failures="0">
  <properties>
[...]
</properties>
  <testcase name="test1" classname="com.extentreport.BasicExtentReport" time="12.457"/>
  <testcase name="test10" classname="com.extentreport.BasicExtentReport" time="14.051"/>
  <testcase name="test2" classname="com.extentreport.BasicExtentReport" time="10.52"/>
  <testcase name="test3" classname="com.extentreport.BasicExtentReport" time="11.266"/>
  <testcase name="test4" classname="com.extentreport.BasicExtentReport" time="9.386"/>
  <testcase name="test5" classname="com.extentreport.BasicExtentReport" time="9.994"/>
  <testcase name="test6" classname="com.extentreport.BasicExtentReport" time="15.281"/>
  <testcase name="test7" classname="com.extentreport.BasicExtentReport" time="10.468"/>
  <testcase name="test8" classname="com.extentreport.BasicExtentReport" time="10.238"/>
  <testcase name="test9" classname="com.extentreport.BasicExtentReport" time="14.742"/>
</testsuite>