<?xml version="1.0" encoding="UTF-8"?>
<testng-results skipped="9" failed="0" ignored="0" total="21" passed="12">
  <reporter-output>
  </reporter-output>
  <suite name="Suite" duration-ms="140586" started-at="2020-07-05T11:38:19 IST" finished-at="2020-07-05T11:40:39 IST">
    <groups>
    </groups>
    <test name="Test" duration-ms="140586" started-at="2020-07-05T11:38:19 IST" finished-at="2020-07-05T11:40:39 IST">
      <class name="testcases.scheduleflightpage">
        <test-method status="PASS" signature="signin(java.lang.String, java.lang.String)[pri:0, instance:testcases.scheduleflightpage@17a7f733]" name="signin" duration-ms="10439" started-at="2020-07-05T11:39:09 IST" data-provider="TestData" finished-at="2020-07-05T11:39:19 IST">
          <params>
            <param index="0">
              <value>
                <![CDATA[admin@mindtree.com]]>
              </value>
            </param>
            <param index="1">
              <value>
                <![CDATA[admin]]>
              </value>
            </param>
          </params>
          <reporter-output>
          </reporter-output>
        </test-method> <!-- signin -->
      </class> <!-- testcases.scheduleflightpage -->
      <class name="testcases.schedule_flight">
        <test-method status="PASS" signature="scheduleFlight()[pri:0, instance:testcases.schedule_flight@76ed1b7c]" name="scheduleFlight" duration-ms="11621" started-at="2020-07-05T11:39:30 IST" finished-at="2020-07-05T11:39:41 IST">
          <reporter-output>
          </reporter-output>
        </test-method> <!-- scheduleFlight -->
      </class> <!-- testcases.schedule_flight -->
      <class name="testcases.arrivalCalendarClick">
        <test-method status="PASS" signature="arrivalCalendarClick_()[pri:0, instance:testcases.arrivalCalendarClick@11fc564b]" name="arrivalCalendarClick_" duration-ms="10573" started-at="2020-07-05T11:39:41 IST" finished-at="2020-07-05T11:39:52 IST">
          <reporter-output>
          </reporter-output>
        </test-method> <!-- arrivalCalendarClick_ -->
      </class> <!-- testcases.arrivalCalendarClick -->
      <class name="testcases.CostOfClass">
        <test-method status="PASS" signature="scheduleFlight()[pri:0, instance:testcases.CostOfClass@394a2528]" name="scheduleFlight" duration-ms="14532" started-at="2020-07-05T11:39:52 IST" finished-at="2020-07-05T11:40:07 IST">
          <reporter-output>
          </reporter-output>
        </test-method> <!-- scheduleFlight -->
      </class> <!-- testcases.CostOfClass -->
      <class name="testcases.depatureCalendarClick">
        <test-method status="PASS" signature="depatureCalendarClick_()[pri:0, instance:testcases.depatureCalendarClick@68567e20]" name="depatureCalendarClick_" duration-ms="10355" started-at="2020-07-05T11:39:19 IST" finished-at="2020-07-05T11:39:30 IST">
          <reporter-output>
          </reporter-output>
        </test-method> <!-- depatureCalendarClick_ -->
      </class> <!-- testcases.depatureCalendarClick -->
      <class name="testcases.route">
        <test-method status="PASS" signature="route_()[pri:0, instance:testcases.route@7c1e2a9e]" name="route_" duration-ms="10602" started-at="2020-07-05T11:40:17 IST" finished-at="2020-07-05T11:40:27 IST">
          <reporter-output>
          </reporter-output>
        </test-method> <!-- route_ -->
      </class> <!-- testcases.route -->
      <class name="testcases.ArrivalTimeClick">
        <test-method status="PASS" signature="ArrivalTimeClick_()[pri:0, instance:testcases.ArrivalTimeClick@2118cddf]" name="ArrivalTimeClick_" duration-ms="14668" started-at="2020-07-05T11:38:54 IST" finished-at="2020-07-05T11:39:09 IST">
          <reporter-output>
          </reporter-output>
        </test-method> <!-- ArrivalTimeClick_ -->
      </class> <!-- testcases.ArrivalTimeClick -->
      <class name="testcases.ArrivalCalendarSelect">
        <test-method status="PASS" signature="ArrivalCalendarSelect_()[pri:0, instance:testcases.ArrivalCalendarSelect@21b2e768]" name="ArrivalCalendarSelect_" duration-ms="12148" started-at="2020-07-05T11:38:19 IST" finished-at="2020-07-05T11:38:31 IST">
          <reporter-output>
          </reporter-output>
        </test-method> <!-- ArrivalCalendarSelect_ -->
      </class> <!-- testcases.ArrivalCalendarSelect -->
      <class name="testcases.DepartureTimeClick">
        <test-method status="PASS" signature="DepartureTimeClick_()[pri:0, instance:testcases.DepartureTimeClick@5609159b]" name="DepartureTimeClick_" duration-ms="8609" started-at="2020-07-05T11:38:45 IST" finished-at="2020-07-05T11:38:54 IST">
          <reporter-output>
          </reporter-output>
        </test-method> <!-- DepartureTimeClick_ -->
      </class> <!-- testcases.DepartureTimeClick -->
      <class name="testcases.departureCalendarSelect">
        <test-method status="PASS" signature="depatureCalendarClick_()[pri:0, instance:testcases.departureCalendarSelect@6236eb5f]" name="depatureCalendarClick_" duration-ms="10309" started-at="2020-07-05T11:40:07 IST" finished-at="2020-07-05T11:40:17 IST">
          <reporter-output>
          </reporter-output>
        </test-method> <!-- depatureCalendarClick_ -->
      </class> <!-- testcases.departureCalendarSelect -->
      <class name="testcases.AddFlightDetails">
        <test-method status="PASS" signature="startTest()[pri:0, instance:testcases.AddFlightDetails@57250572]" name="startTest" is-config="true" duration-ms="44" started-at="2020-07-05T11:38:31 IST" finished-at="2020-07-05T11:38:31 IST">
          <reporter-output>
          </reporter-output>
        </test-method> <!-- startTest -->
        <test-method status="PASS" signature="scheduleFlight()[pri:0, instance:testcases.AddFlightDetails@57250572]" name="scheduleFlight" duration-ms="14112" started-at="2020-07-05T11:38:31 IST" finished-at="2020-07-05T11:38:45 IST">
          <reporter-output>
          </reporter-output>
        </test-method> <!-- scheduleFlight -->
        <test-method status="PASS" signature="endTest()[pri:0, instance:testcases.AddFlightDetails@57250572]" name="endTest" is-config="true" duration-ms="531" started-at="2020-07-05T11:38:45 IST" finished-at="2020-07-05T11:38:45 IST">
          <reporter-output>
          </reporter-output>
        </test-method> <!-- endTest -->
      </class> <!-- testcases.AddFlightDetails -->
      <class name="com.extentreport.BasicExtentReport">
        <test-method status="PASS" signature="setUp()[pri:0, instance:com.extentreport.BasicExtentReport@6a03bcb1]" name="setUp" is-config="true" duration-ms="140" started-at="2020-07-05T11:38:18 IST" finished-at="2020-07-05T11:38:19 IST">
          <reporter-output>
          </reporter-output>
        </test-method> <!-- setUp -->
        <test-method status="PASS" signature="setUp()[pri:0, instance:com.extentreport.BasicExtentReport@6a03bcb1]" name="setUp" is-config="true" duration-ms="5" started-at="2020-07-05T11:40:27 IST" finished-at="2020-07-05T11:40:27 IST">
          <reporter-output>
          </reporter-output>
        </test-method> <!-- setUp -->
        <test-method status="PASS" signature="test1()[pri:0, instance:com.extentreport.BasicExtentReport@6a03bcb1]" name="test1" duration-ms="11141" started-at="2020-07-05T11:40:27 IST" finished-at="2020-07-05T11:40:39 IST">
          <reporter-output>
          </reporter-output>
        </test-method> <!-- test1 -->
        <test-method status="FAIL" signature="tearDown()[pri:0, instance:com.extentreport.BasicExtentReport@6a03bcb1]" name="tearDown" is-config="true" duration-ms="376" started-at="2020-07-05T11:40:39 IST" finished-at="2020-07-05T11:40:39 IST">
          <exception class="org.apache.commons.mail.EmailException">
            <message>
              <![CDATA[Cannot attach file ".LOGGERS.log"]]>
            </message>
            <full-stacktrace>
              <![CDATA[org.apache.commons.mail.EmailException: Cannot attach file ".LOGGERS.log"
at org.apache.commons.mail.MultiPartEmail.attach(MultiPartEmail.java:334)
at email.Email.sendEmail(Email.java:39)
at com.extentreport.BasicExtentReport.tearDown(BasicExtentReport.java:275)
at sun.reflect.NativeMethodAccessorImpl.invoke0(Native Method)
at sun.reflect.NativeMethodAccessorImpl.invoke(NativeMethodAccessorImpl.java:62)
at sun.reflect.DelegatingMethodAccessorImpl.invoke(DelegatingMethodAccessorImpl.java:43)
at java.lang.reflect.Method.invoke(Method.java:498)
at org.testng.internal.MethodInvocationHelper.invokeMethod(MethodInvocationHelper.java:135)
at org.testng.internal.MethodInvocationHelper.invokeMethodConsideringTimeout(MethodInvocationHelper.java:64)
at org.testng.internal.ConfigInvoker.invokeConfigurationMethod(ConfigInvoker.java:364)
at org.testng.internal.ConfigInvoker.invokeConfigurations(ConfigInvoker.java:318)
at org.testng.internal.TestInvoker.runConfigMethods(TestInvoker.java:700)
at org.testng.internal.TestInvoker.runAfterGroupsConfigurations(TestInvoker.java:676)
at org.testng.internal.TestInvoker.invokeMethod(TestInvoker.java:660)
at org.testng.internal.TestInvoker.invokeTestMethod(TestInvoker.java:174)
at org.testng.internal.MethodRunner.runInSequence(MethodRunner.java:46)
at org.testng.internal.TestInvoker$MethodInvocationAgent.invoke(TestInvoker.java:821)
at org.testng.internal.TestInvoker.invokeTestMethods(TestInvoker.java:147)
at org.testng.internal.TestMethodWorker.invokeTestMethods(TestMethodWorker.java:146)
at org.testng.internal.TestMethodWorker.run(TestMethodWorker.java:128)
at java.util.ArrayList.forEach(ArrayList.java:1257)
at org.testng.TestRunner.privateRun(TestRunner.java:767)
at org.testng.TestRunner.run(TestRunner.java:588)
at org.testng.SuiteRunner.runTest(SuiteRunner.java:384)
at org.testng.SuiteRunner.runSequentially(SuiteRunner.java:378)
at org.testng.SuiteRunner.privateRun(SuiteRunner.java:337)
at org.testng.SuiteRunner.run(SuiteRunner.java:286)
at org.testng.SuiteRunnerWorker.runSuite(SuiteRunnerWorker.java:53)
at org.testng.SuiteRunnerWorker.run(SuiteRunnerWorker.java:96)
at org.testng.TestNG.runSuitesSequentially(TestNG.java:1214)
at org.testng.TestNG.runSuitesLocally(TestNG.java:1136)
at org.testng.TestNG.runSuites(TestNG.java:1066)
at org.testng.TestNG.run(TestNG.java:1034)
at org.testng.remote.AbstractRemoteTestNG.run(AbstractRemoteTestNG.java:115)
at org.testng.remote.RemoteTestNG.initAndRun(RemoteTestNG.java:251)
at org.testng.remote.RemoteTestNG.main(RemoteTestNG.java:77)
Caused by: java.io.IOException: ".LOGGERS.log" does not exist
at org.apache.commons.mail.MultiPartEmail.attach(MultiPartEmail.java:323)
... 35 more
]]>
            </full-stacktrace>
          </exception> <!-- org.apache.commons.mail.EmailException -->
          <reporter-output>
          </reporter-output>
        </test-method> <!-- tearDown -->
        <test-method status="SKIP" signature="setUp()[pri:0, instance:com.extentreport.BasicExtentReport@6a03bcb1]" name="setUp" is-config="true" duration-ms="-1593929439451" started-at="2020-07-05T11:40:39 IST" finished-at="1970-01-01T05:30:00 IST">
          <reporter-output>
          </reporter-output>
        </test-method> <!-- setUp -->
        <test-method status="SKIP" signature="test10()[pri:0, instance:com.extentreport.BasicExtentReport@6a03bcb1]" name="test10" duration-ms="0" started-at="2020-07-05T11:40:39 IST" finished-at="2020-07-05T11:40:39 IST">
          <exception class="org.apache.commons.mail.EmailException">
            <message>
              <![CDATA[Cannot attach file ".LOGGERS.log"]]>
            </message>
            <full-stacktrace>
              <![CDATA[org.apache.commons.mail.EmailException: Cannot attach file ".LOGGERS.log"
at org.apache.commons.mail.MultiPartEmail.attach(MultiPartEmail.java:334)
at email.Email.sendEmail(Email.java:39)
at com.extentreport.BasicExtentReport.tearDown(BasicExtentReport.java:275)
at sun.reflect.NativeMethodAccessorImpl.invoke0(Native Method)
at sun.reflect.NativeMethodAccessorImpl.invoke(NativeMethodAccessorImpl.java:62)
at sun.reflect.DelegatingMethodAccessorImpl.invoke(DelegatingMethodAccessorImpl.java:43)
at java.lang.reflect.Method.invoke(Method.java:498)
at org.testng.internal.MethodInvocationHelper.invokeMethod(MethodInvocationHelper.java:135)
at org.testng.internal.MethodInvocationHelper.invokeMethodConsideringTimeout(MethodInvocationHelper.java:64)
at org.testng.internal.ConfigInvoker.invokeConfigurationMethod(ConfigInvoker.java:364)
at org.testng.internal.ConfigInvoker.invokeConfigurations(ConfigInvoker.java:318)
at org.testng.internal.TestInvoker.runConfigMethods(TestInvoker.java:700)
at org.testng.internal.TestInvoker.runAfterGroupsConfigurations(TestInvoker.java:676)
at org.testng.internal.TestInvoker.invokeMethod(TestInvoker.java:660)
at org.testng.internal.TestInvoker.invokeTestMethod(TestInvoker.java:174)
at org.testng.internal.MethodRunner.runInSequence(MethodRunner.java:46)
at org.testng.internal.TestInvoker$MethodInvocationAgent.invoke(TestInvoker.java:821)
at org.testng.internal.TestInvoker.invokeTestMethods(TestInvoker.java:147)
at org.testng.internal.TestMethodWorker.invokeTestMethods(TestMethodWorker.java:146)
at org.testng.internal.TestMethodWorker.run(TestMethodWorker.java:128)
at java.util.ArrayList.forEach(ArrayList.java:1257)
at org.testng.TestRunner.privateRun(TestRunner.java:767)
at org.testng.TestRunner.run(TestRunner.java:588)
at org.testng.SuiteRunner.runTest(SuiteRunner.java:384)
at org.testng.SuiteRunner.runSequentially(SuiteRunner.java:378)
at org.testng.SuiteRunner.privateRun(SuiteRunner.java:337)
at org.testng.SuiteRunner.run(SuiteRunner.java:286)
at org.testng.SuiteRunnerWorker.runSuite(SuiteRunnerWorker.java:53)
at org.testng.SuiteRunnerWorker.run(SuiteRunnerWorker.java:96)
at org.testng.TestNG.runSuitesSequentially(TestNG.java:1214)
at org.testng.TestNG.runSuitesLocally(TestNG.java:1136)
at org.testng.TestNG.runSuites(TestNG.java:1066)
at org.testng.TestNG.run(TestNG.java:1034)
at org.testng.remote.AbstractRemoteTestNG.run(AbstractRemoteTestNG.java:115)
at org.testng.remote.RemoteTestNG.initAndRun(RemoteTestNG.java:251)
at org.testng.remote.RemoteTestNG.main(RemoteTestNG.java:77)
Caused by: java.io.IOException: ".LOGGERS.log" does not exist
at org.apache.commons.mail.MultiPartEmail.attach(MultiPartEmail.java:323)
... 35 more
]]>
            </full-stacktrace>
          </exception> <!-- org.apache.commons.mail.EmailException -->
          <reporter-output>
          </reporter-output>
        </test-method> <!-- test10 -->
        <test-method status="SKIP" signature="tearDown()[pri:0, instance:com.extentreport.BasicExtentReport@6a03bcb1]" name="tearDown" is-config="true" duration-ms="-1593929439476" started-at="2020-07-05T11:40:39 IST" finished-at="1970-01-01T05:30:00 IST">
          <reporter-output>
          </reporter-output>
        </test-method> <!-- tearDown -->
        <test-method status="SKIP" signature="setUp()[pri:0, instance:com.extentreport.BasicExtentReport@6a03bcb1]" name="setUp" is-config="true" duration-ms="-1593929439476" started-at="2020-07-05T11:40:39 IST" finished-at="1970-01-01T05:30:00 IST">
          <reporter-output>
          </reporter-output>
        </test-method> <!-- setUp -->
        <test-method status="SKIP" signature="test2()[pri:0, instance:com.extentreport.BasicExtentReport@6a03bcb1]" name="test2" duration-ms="0" started-at="2020-07-05T11:40:39 IST" finished-at="2020-07-05T11:40:39 IST">
          <exception class="org.apache.commons.mail.EmailException">
            <message>
              <![CDATA[Cannot attach file ".LOGGERS.log"]]>
            </message>
            <full-stacktrace>
              <![CDATA[org.apache.commons.mail.EmailException: Cannot attach file ".LOGGERS.log"
at org.apache.commons.mail.MultiPartEmail.attach(MultiPartEmail.java:334)
at email.Email.sendEmail(Email.java:39)
at com.extentreport.BasicExtentReport.tearDown(BasicExtentReport.java:275)
at sun.reflect.NativeMethodAccessorImpl.invoke0(Native Method)
at sun.reflect.NativeMethodAccessorImpl.invoke(NativeMethodAccessorImpl.java:62)
at sun.reflect.DelegatingMethodAccessorImpl.invoke(DelegatingMethodAccessorImpl.java:43)
at java.lang.reflect.Method.invoke(Method.java:498)
at org.testng.internal.MethodInvocationHelper.invokeMethod(MethodInvocationHelper.java:135)
at org.testng.internal.MethodInvocationHelper.invokeMethodConsideringTimeout(MethodInvocationHelper.java:64)
at org.testng.internal.ConfigInvoker.invokeConfigurationMethod(ConfigInvoker.java:364)
at org.testng.internal.ConfigInvoker.invokeConfigurations(ConfigInvoker.java:318)
at org.testng.internal.TestInvoker.runConfigMethods(TestInvoker.java:700)
at org.testng.internal.TestInvoker.runAfterGroupsConfigurations(TestInvoker.java:676)
at org.testng.internal.TestInvoker.invokeMethod(TestInvoker.java:660)
at org.testng.internal.TestInvoker.invokeTestMethod(TestInvoker.java:174)
at org.testng.internal.MethodRunner.runInSequence(MethodRunner.java:46)
at org.testng.internal.TestInvoker$MethodInvocationAgent.invoke(TestInvoker.java:821)
at org.testng.internal.TestInvoker.invokeTestMethods(TestInvoker.java:147)
at org.testng.internal.TestMethodWorker.invokeTestMethods(TestMethodWorker.java:146)
at org.testng.internal.TestMethodWorker.run(TestMethodWorker.java:128)
at java.util.ArrayList.forEach(ArrayList.java:1257)
at org.testng.TestRunner.privateRun(TestRunner.java:767)
at org.testng.TestRunner.run(TestRunner.java:588)
at org.testng.SuiteRunner.runTest(SuiteRunner.java:384)
at org.testng.SuiteRunner.runSequentially(SuiteRunner.java:378)
at org.testng.SuiteRunner.privateRun(SuiteRunner.java:337)
at org.testng.SuiteRunner.run(SuiteRunner.java:286)
at org.testng.SuiteRunnerWorker.runSuite(SuiteRunnerWorker.java:53)
at org.testng.SuiteRunnerWorker.run(SuiteRunnerWorker.java:96)
at org.testng.TestNG.runSuitesSequentially(TestNG.java:1214)
at org.testng.TestNG.runSuitesLocally(TestNG.java:1136)
at org.testng.TestNG.runSuites(TestNG.java:1066)
at org.testng.TestNG.run(TestNG.java:1034)
at org.testng.remote.AbstractRemoteTestNG.run(AbstractRemoteTestNG.java:115)
at org.testng.remote.RemoteTestNG.initAndRun(RemoteTestNG.java:251)
at org.testng.remote.RemoteTestNG.main(RemoteTestNG.java:77)
Caused by: java.io.IOException: ".LOGGERS.log" does not exist
at org.apache.commons.mail.MultiPartEmail.attach(MultiPartEmail.java:323)
... 35 more
]]>
            </full-stacktrace>
          </exception> <!-- org.apache.commons.mail.EmailException -->
          <reporter-output>
          </reporter-output>
        </test-method> <!-- test2 -->
        <test-method status="SKIP" signature="tearDown()[pri:0, instance:com.extentreport.BasicExtentReport@6a03bcb1]" name="tearDown" is-config="true" duration-ms="-1593929439486" started-at="2020-07-05T11:40:39 IST" finished-at="1970-01-01T05:30:00 IST">
          <reporter-output>
          </reporter-output>
        </test-method> <!-- tearDown -->
        <test-method status="SKIP" signature="setUp()[pri:0, instance:com.extentreport.BasicExtentReport@6a03bcb1]" name="setUp" is-config="true" duration-ms="-1593929439491" started-at="2020-07-05T11:40:39 IST" finished-at="1970-01-01T05:30:00 IST">
          <reporter-output>
          </reporter-output>
        </test-method> <!-- setUp -->
        <test-method status="SKIP" signature="test3()[pri:0, instance:com.extentreport.BasicExtentReport@6a03bcb1]" name="test3" duration-ms="0" started-at="2020-07-05T11:40:39 IST" finished-at="2020-07-05T11:40:39 IST">
          <exception class="org.apache.commons.mail.EmailException">
            <message>
              <![CDATA[Cannot attach file ".LOGGERS.log"]]>
            </message>
            <full-stacktrace>
              <![CDATA[org.apache.commons.mail.EmailException: Cannot attach file ".LOGGERS.log"
at org.apache.commons.mail.MultiPartEmail.attach(MultiPartEmail.java:334)
at email.Email.sendEmail(Email.java:39)
at com.extentreport.BasicExtentReport.tearDown(BasicExtentReport.java:275)
at sun.reflect.NativeMethodAccessorImpl.invoke0(Native Method)
at sun.reflect.NativeMethodAccessorImpl.invoke(NativeMethodAccessorImpl.java:62)
at sun.reflect.DelegatingMethodAccessorImpl.invoke(DelegatingMethodAccessorImpl.java:43)
at java.lang.reflect.Method.invoke(Method.java:498)
at org.testng.internal.MethodInvocationHelper.invokeMethod(MethodInvocationHelper.java:135)
at org.testng.internal.MethodInvocationHelper.invokeMethodConsideringTimeout(MethodInvocationHelper.java:64)
at org.testng.internal.ConfigInvoker.invokeConfigurationMethod(ConfigInvoker.java:364)
at org.testng.internal.ConfigInvoker.invokeConfigurations(ConfigInvoker.java:318)
at org.testng.internal.TestInvoker.runConfigMethods(TestInvoker.java:700)
at org.testng.internal.TestInvoker.runAfterGroupsConfigurations(TestInvoker.java:676)
at org.testng.internal.TestInvoker.invokeMethod(TestInvoker.java:660)
at org.testng.internal.TestInvoker.invokeTestMethod(TestInvoker.java:174)
at org.testng.internal.MethodRunner.runInSequence(MethodRunner.java:46)
at org.testng.internal.TestInvoker$MethodInvocationAgent.invoke(TestInvoker.java:821)
at org.testng.internal.TestInvoker.invokeTestMethods(TestInvoker.java:147)
at org.testng.internal.TestMethodWorker.invokeTestMethods(TestMethodWorker.java:146)
at org.testng.internal.TestMethodWorker.run(TestMethodWorker.java:128)
at java.util.ArrayList.forEach(ArrayList.java:1257)
at org.testng.TestRunner.privateRun(TestRunner.java:767)
at org.testng.TestRunner.run(TestRunner.java:588)
at org.testng.SuiteRunner.runTest(SuiteRunner.java:384)
at org.testng.SuiteRunner.runSequentially(SuiteRunner.java:378)
at org.testng.SuiteRunner.privateRun(SuiteRunner.java:337)
at org.testng.SuiteRunner.run(SuiteRunner.java:286)
at org.testng.SuiteRunnerWorker.runSuite(SuiteRunnerWorker.java:53)
at org.testng.SuiteRunnerWorker.run(SuiteRunnerWorker.java:96)
at org.testng.TestNG.runSuitesSequentially(TestNG.java:1214)
at org.testng.TestNG.runSuitesLocally(TestNG.java:1136)
at org.testng.TestNG.runSuites(TestNG.java:1066)
at org.testng.TestNG.run(TestNG.java:1034)
at org.testng.remote.AbstractRemoteTestNG.run(AbstractRemoteTestNG.java:115)
at org.testng.remote.RemoteTestNG.initAndRun(RemoteTestNG.java:251)
at org.testng.remote.RemoteTestNG.main(RemoteTestNG.java:77)
Caused by: java.io.IOException: ".LOGGERS.log" does not exist
at org.apache.commons.mail.MultiPartEmail.attach(MultiPartEmail.java:323)
... 35 more
]]>
            </full-stacktrace>
          </exception> <!-- org.apache.commons.mail.EmailException -->
          <reporter-output>
          </reporter-output>
        </test-method> <!-- test3 -->
        <test-method status="SKIP" signature="setUp()[pri:0, instance:com.extentreport.BasicExtentReport@6a03bcb1]" name="setUp" is-config="true" duration-ms="-1593929439496" started-at="2020-07-05T11:40:39 IST" finished-at="1970-01-01T05:30:00 IST">
          <reporter-output>
          </reporter-output>
        </test-method> <!-- setUp -->
        <test-method status="SKIP" signature="tearDown()[pri:0, instance:com.extentreport.BasicExtentReport@6a03bcb1]" name="tearDown" is-config="true" duration-ms="-1593929439496" started-at="2020-07-05T11:40:39 IST" finished-at="1970-01-01T05:30:00 IST">
          <reporter-output>
          </reporter-output>
        </test-method> <!-- tearDown -->
        <test-method status="SKIP" signature="test4()[pri:0, instance:com.extentreport.BasicExtentReport@6a03bcb1]" name="test4" duration-ms="0" started-at="2020-07-05T11:40:39 IST" finished-at="2020-07-05T11:40:39 IST">
          <exception class="org.apache.commons.mail.EmailException">
            <message>
              <![CDATA[Cannot attach file ".LOGGERS.log"]]>
            </message>
            <full-stacktrace>
              <![CDATA[org.apache.commons.mail.EmailException: Cannot attach file ".LOGGERS.log"
at org.apache.commons.mail.MultiPartEmail.attach(MultiPartEmail.java:334)
at email.Email.sendEmail(Email.java:39)
at com.extentreport.BasicExtentReport.tearDown(BasicExtentReport.java:275)
at sun.reflect.NativeMethodAccessorImpl.invoke0(Native Method)
at sun.reflect.NativeMethodAccessorImpl.invoke(NativeMethodAccessorImpl.java:62)
at sun.reflect.DelegatingMethodAccessorImpl.invoke(DelegatingMethodAccessorImpl.java:43)
at java.lang.reflect.Method.invoke(Method.java:498)
at org.testng.internal.MethodInvocationHelper.invokeMethod(MethodInvocationHelper.java:135)
at org.testng.internal.MethodInvocationHelper.invokeMethodConsideringTimeout(MethodInvocationHelper.java:64)
at org.testng.internal.ConfigInvoker.invokeConfigurationMethod(ConfigInvoker.java:364)
at org.testng.internal.ConfigInvoker.invokeConfigurations(ConfigInvoker.java:318)
at org.testng.internal.TestInvoker.runConfigMethods(TestInvoker.java:700)
at org.testng.internal.TestInvoker.runAfterGroupsConfigurations(TestInvoker.java:676)
at org.testng.internal.TestInvoker.invokeMethod(TestInvoker.java:660)
at org.testng.internal.TestInvoker.invokeTestMethod(TestInvoker.java:174)
at org.testng.internal.MethodRunner.runInSequence(MethodRunner.java:46)
at org.testng.internal.TestInvoker$MethodInvocationAgent.invoke(TestInvoker.java:821)
at org.testng.internal.TestInvoker.invokeTestMethods(TestInvoker.java:147)
at org.testng.internal.TestMethodWorker.invokeTestMethods(TestMethodWorker.java:146)
at org.testng.internal.TestMethodWorker.run(TestMethodWorker.java:128)
at java.util.ArrayList.forEach(ArrayList.java:1257)
at org.testng.TestRunner.privateRun(TestRunner.java:767)
at org.testng.TestRunner.run(TestRunner.java:588)
at org.testng.SuiteRunner.runTest(SuiteRunner.java:384)
at org.testng.SuiteRunner.runSequentially(SuiteRunner.java:378)
at org.testng.SuiteRunner.privateRun(SuiteRunner.java:337)
at org.testng.SuiteRunner.run(SuiteRunner.java:286)
at org.testng.SuiteRunnerWorker.runSuite(SuiteRunnerWorker.java:53)
at org.testng.SuiteRunnerWorker.run(SuiteRunnerWorker.java:96)
at org.testng.TestNG.runSuitesSequentially(TestNG.java:1214)
at org.testng.TestNG.runSuitesLocally(TestNG.java:1136)
at org.testng.TestNG.runSuites(TestNG.java:1066)
at org.testng.TestNG.run(TestNG.java:1034)
at org.testng.remote.AbstractRemoteTestNG.run(AbstractRemoteTestNG.java:115)
at org.testng.remote.RemoteTestNG.initAndRun(RemoteTestNG.java:251)
at org.testng.remote.RemoteTestNG.main(RemoteTestNG.java:77)
Caused by: java.io.IOException: ".LOGGERS.log" does not exist
at org.apache.commons.mail.MultiPartEmail.attach(MultiPartEmail.java:323)
... 35 more
]]>
            </full-stacktrace>
          </exception> <!-- org.apache.commons.mail.EmailException -->
          <reporter-output>
          </reporter-output>
        </test-method> <!-- test4 -->
        <test-method status="SKIP" signature="tearDown()[pri:0, instance:com.extentreport.BasicExtentReport@6a03bcb1]" name="tearDown" is-config="true" duration-ms="-1593929439506" started-at="2020-07-05T11:40:39 IST" finished-at="1970-01-01T05:30:00 IST">
          <reporter-output>
          </reporter-output>
        </test-method> <!-- tearDown -->
        <test-method status="SKIP" signature="setUp()[pri:0, instance:com.extentreport.BasicExtentReport@6a03bcb1]" name="setUp" is-config="true" duration-ms="-1593929439509" started-at="2020-07-05T11:40:39 IST" finished-at="1970-01-01T05:30:00 IST">
          <reporter-output>
          </reporter-output>
        </test-method> <!-- setUp -->
        <test-method status="SKIP" signature="test5()[pri:0, instance:com.extentreport.BasicExtentReport@6a03bcb1]" name="test5" duration-ms="0" started-at="2020-07-05T11:40:39 IST" finished-at="2020-07-05T11:40:39 IST">
          <exception class="org.apache.commons.mail.EmailException">
            <message>
              <![CDATA[Cannot attach file ".LOGGERS.log"]]>
            </message>
            <full-stacktrace>
              <![CDATA[org.apache.commons.mail.EmailException: Cannot attach file ".LOGGERS.log"
at org.apache.commons.mail.MultiPartEmail.attach(MultiPartEmail.java:334)
at email.Email.sendEmail(Email.java:39)
at com.extentreport.BasicExtentReport.tearDown(BasicExtentReport.java:275)
at sun.reflect.NativeMethodAccessorImpl.invoke0(Native Method)
at sun.reflect.NativeMethodAccessorImpl.invoke(NativeMethodAccessorImpl.java:62)
at sun.reflect.DelegatingMethodAccessorImpl.invoke(DelegatingMethodAccessorImpl.java:43)
at java.lang.reflect.Method.invoke(Method.java:498)
at org.testng.internal.MethodInvocationHelper.invokeMethod(MethodInvocationHelper.java:135)
at org.testng.internal.MethodInvocationHelper.invokeMethodConsideringTimeout(MethodInvocationHelper.java:64)
at org.testng.internal.ConfigInvoker.invokeConfigurationMethod(ConfigInvoker.java:364)
at org.testng.internal.ConfigInvoker.invokeConfigurations(ConfigInvoker.java:318)
at org.testng.internal.TestInvoker.runConfigMethods(TestInvoker.java:700)
at org.testng.internal.TestInvoker.runAfterGroupsConfigurations(TestInvoker.java:676)
at org.testng.internal.TestInvoker.invokeMethod(TestInvoker.java:660)
at org.testng.internal.TestInvoker.invokeTestMethod(TestInvoker.java:174)
at org.testng.internal.MethodRunner.runInSequence(MethodRunner.java:46)
at org.testng.internal.TestInvoker$MethodInvocationAgent.invoke(TestInvoker.java:821)
at org.testng.internal.TestInvoker.invokeTestMethods(TestInvoker.java:147)
at org.testng.internal.TestMethodWorker.invokeTestMethods(TestMethodWorker.java:146)
at org.testng.internal.TestMethodWorker.run(TestMethodWorker.java:128)
at java.util.ArrayList.forEach(ArrayList.java:1257)
at org.testng.TestRunner.privateRun(TestRunner.java:767)
at org.testng.TestRunner.run(TestRunner.java:588)
at org.testng.SuiteRunner.runTest(SuiteRunner.java:384)
at org.testng.SuiteRunner.runSequentially(SuiteRunner.java:378)
at org.testng.SuiteRunner.privateRun(SuiteRunner.java:337)
at org.testng.SuiteRunner.run(SuiteRunner.java:286)
at org.testng.SuiteRunnerWorker.runSuite(SuiteRunnerWorker.java:53)
at org.testng.SuiteRunnerWorker.run(SuiteRunnerWorker.java:96)
at org.testng.TestNG.runSuitesSequentially(TestNG.java:1214)
at org.testng.TestNG.runSuitesLocally(TestNG.java:1136)
at org.testng.TestNG.runSuites(TestNG.java:1066)
at org.testng.TestNG.run(TestNG.java:1034)
at org.testng.remote.AbstractRemoteTestNG.run(AbstractRemoteTestNG.java:115)
at org.testng.remote.RemoteTestNG.initAndRun(RemoteTestNG.java:251)
at org.testng.remote.RemoteTestNG.main(RemoteTestNG.java:77)
Caused by: java.io.IOException: ".LOGGERS.log" does not exist
at org.apache.commons.mail.MultiPartEmail.attach(MultiPartEmail.java:323)
... 35 more
]]>
            </full-stacktrace>
          </exception> <!-- org.apache.commons.mail.EmailException -->
          <reporter-output>
          </reporter-output>
        </test-method> <!-- test5 -->
        <test-method status="SKIP" signature="tearDown()[pri:0, instance:com.extentreport.BasicExtentReport@6a03bcb1]" name="tearDown" is-config="true" duration-ms="-1593929439516" started-at="2020-07-05T11:40:39 IST" finished-at="1970-01-01T05:30:00 IST">
          <reporter-output>
          </reporter-output>
        </test-method> <!-- tearDown -->
        <test-method status="SKIP" signature="test6()[pri:0, instance:com.extentreport.BasicExtentReport@6a03bcb1]" name="test6" duration-ms="0" started-at="2020-07-05T11:40:39 IST" finished-at="2020-07-05T11:40:39 IST">
          <exception class="org.apache.commons.mail.EmailException">
            <message>
              <![CDATA[Cannot attach file ".LOGGERS.log"]]>
            </message>
            <full-stacktrace>
              <![CDATA[org.apache.commons.mail.EmailException: Cannot attach file ".LOGGERS.log"
at org.apache.commons.mail.MultiPartEmail.attach(MultiPartEmail.java:334)
at email.Email.sendEmail(Email.java:39)
at com.extentreport.BasicExtentReport.tearDown(BasicExtentReport.java:275)
at sun.reflect.NativeMethodAccessorImpl.invoke0(Native Method)
at sun.reflect.NativeMethodAccessorImpl.invoke(NativeMethodAccessorImpl.java:62)
at sun.reflect.DelegatingMethodAccessorImpl.invoke(DelegatingMethodAccessorImpl.java:43)
at java.lang.reflect.Method.invoke(Method.java:498)
at org.testng.internal.MethodInvocationHelper.invokeMethod(MethodInvocationHelper.java:135)
at org.testng.internal.MethodInvocationHelper.invokeMethodConsideringTimeout(MethodInvocationHelper.java:64)
at org.testng.internal.ConfigInvoker.invokeConfigurationMethod(ConfigInvoker.java:364)
at org.testng.internal.ConfigInvoker.invokeConfigurations(ConfigInvoker.java:318)
at org.testng.internal.TestInvoker.runConfigMethods(TestInvoker.java:700)
at org.testng.internal.TestInvoker.runAfterGroupsConfigurations(TestInvoker.java:676)
at org.testng.internal.TestInvoker.invokeMethod(TestInvoker.java:660)
at org.testng.internal.TestInvoker.invokeTestMethod(TestInvoker.java:174)
at org.testng.internal.MethodRunner.runInSequence(MethodRunner.java:46)
at org.testng.internal.TestInvoker$MethodInvocationAgent.invoke(TestInvoker.java:821)
at org.testng.internal.TestInvoker.invokeTestMethods(TestInvoker.java:147)
at org.testng.internal.TestMethodWorker.invokeTestMethods(TestMethodWorker.java:146)
at org.testng.internal.TestMethodWorker.run(TestMethodWorker.java:128)
at java.util.ArrayList.forEach(ArrayList.java:1257)
at org.testng.TestRunner.privateRun(TestRunner.java:767)
at org.testng.TestRunner.run(TestRunner.java:588)
at org.testng.SuiteRunner.runTest(SuiteRunner.java:384)
at org.testng.SuiteRunner.runSequentially(SuiteRunner.java:378)
at org.testng.SuiteRunner.privateRun(SuiteRunner.java:337)
at org.testng.SuiteRunner.run(SuiteRunner.java:286)
at org.testng.SuiteRunnerWorker.runSuite(SuiteRunnerWorker.java:53)
at org.testng.SuiteRunnerWorker.run(SuiteRunnerWorker.java:96)
at org.testng.TestNG.runSuitesSequentially(TestNG.java:1214)
at org.testng.TestNG.runSuitesLocally(TestNG.java:1136)
at org.testng.TestNG.runSuites(TestNG.java:1066)
at org.testng.TestNG.run(TestNG.java:1034)
at org.testng.remote.AbstractRemoteTestNG.run(AbstractRemoteTestNG.java:115)
at org.testng.remote.RemoteTestNG.initAndRun(RemoteTestNG.java:251)
at org.testng.remote.RemoteTestNG.main(RemoteTestNG.java:77)
Caused by: java.io.IOException: ".LOGGERS.log" does not exist
at org.apache.commons.mail.MultiPartEmail.attach(MultiPartEmail.java:323)
... 35 more
]]>
            </full-stacktrace>
          </exception> <!-- org.apache.commons.mail.EmailException -->
          <reporter-output>
          </reporter-output>
        </test-method> <!-- test6 -->
        <test-method status="SKIP" signature="setUp()[pri:0, instance:com.extentreport.BasicExtentReport@6a03bcb1]" name="setUp" is-config="true" duration-ms="-1593929439526" started-at="2020-07-05T11:40:39 IST" finished-at="1970-01-01T05:30:00 IST">
          <reporter-output>
          </reporter-output>
        </test-method> <!-- setUp -->
        <test-method status="SKIP" signature="setUp()[pri:0, instance:com.extentreport.BasicExtentReport@6a03bcb1]" name="setUp" is-config="true" duration-ms="-1593929439536" started-at="2020-07-05T11:40:39 IST" finished-at="1970-01-01T05:30:00 IST">
          <reporter-output>
          </reporter-output>
        </test-method> <!-- setUp -->
        <test-method status="SKIP" signature="tearDown()[pri:0, instance:com.extentreport.BasicExtentReport@6a03bcb1]" name="tearDown" is-config="true" duration-ms="-1593929439536" started-at="2020-07-05T11:40:39 IST" finished-at="1970-01-01T05:30:00 IST">
          <reporter-output>
          </reporter-output>
        </test-method> <!-- tearDown -->
        <test-method status="SKIP" signature="test7()[pri:0, instance:com.extentreport.BasicExtentReport@6a03bcb1]" name="test7" duration-ms="0" started-at="2020-07-05T11:40:39 IST" finished-at="2020-07-05T11:40:39 IST">
          <exception class="org.apache.commons.mail.EmailException">
            <message>
              <![CDATA[Cannot attach file ".LOGGERS.log"]]>
            </message>
            <full-stacktrace>
              <![CDATA[org.apache.commons.mail.EmailException: Cannot attach file ".LOGGERS.log"
at org.apache.commons.mail.MultiPartEmail.attach(MultiPartEmail.java:334)
at email.Email.sendEmail(Email.java:39)
at com.extentreport.BasicExtentReport.tearDown(BasicExtentReport.java:275)
at sun.reflect.NativeMethodAccessorImpl.invoke0(Native Method)
at sun.reflect.NativeMethodAccessorImpl.invoke(NativeMethodAccessorImpl.java:62)
at sun.reflect.DelegatingMethodAccessorImpl.invoke(DelegatingMethodAccessorImpl.java:43)
at java.lang.reflect.Method.invoke(Method.java:498)
at org.testng.internal.MethodInvocationHelper.invokeMethod(MethodInvocationHelper.java:135)
at org.testng.internal.MethodInvocationHelper.invokeMethodConsideringTimeout(MethodInvocationHelper.java:64)
at org.testng.internal.ConfigInvoker.invokeConfigurationMethod(ConfigInvoker.java:364)
at org.testng.internal.ConfigInvoker.invokeConfigurations(ConfigInvoker.java:318)
at org.testng.internal.TestInvoker.runConfigMethods(TestInvoker.java:700)
at org.testng.internal.TestInvoker.runAfterGroupsConfigurations(TestInvoker.java:676)
at org.testng.internal.TestInvoker.invokeMethod(TestInvoker.java:660)
at org.testng.internal.TestInvoker.invokeTestMethod(TestInvoker.java:174)
at org.testng.internal.MethodRunner.runInSequence(MethodRunner.java:46)
at org.testng.internal.TestInvoker$MethodInvocationAgent.invoke(TestInvoker.java:821)
at org.testng.internal.TestInvoker.invokeTestMethods(TestInvoker.java:147)
at org.testng.internal.TestMethodWorker.invokeTestMethods(TestMethodWorker.java:146)
at org.testng.internal.TestMethodWorker.run(TestMethodWorker.java:128)
at java.util.ArrayList.forEach(ArrayList.java:1257)
at org.testng.TestRunner.privateRun(TestRunner.java:767)
at org.testng.TestRunner.run(TestRunner.java:588)
at org.testng.SuiteRunner.runTest(SuiteRunner.java:384)
at org.testng.SuiteRunner.runSequentially(SuiteRunner.java:378)
at org.testng.SuiteRunner.privateRun(SuiteRunner.java:337)
at org.testng.SuiteRunner.run(SuiteRunner.java:286)
at org.testng.SuiteRunnerWorker.runSuite(SuiteRunnerWorker.java:53)
at org.testng.SuiteRunnerWorker.run(SuiteRunnerWorker.java:96)
at org.testng.TestNG.runSuitesSequentially(TestNG.java:1214)
at org.testng.TestNG.runSuitesLocally(TestNG.java:1136)
at org.testng.TestNG.runSuites(TestNG.java:1066)
at org.testng.TestNG.run(TestNG.java:1034)
at org.testng.remote.AbstractRemoteTestNG.run(AbstractRemoteTestNG.java:115)
at org.testng.remote.RemoteTestNG.initAndRun(RemoteTestNG.java:251)
at org.testng.remote.RemoteTestNG.main(RemoteTestNG.java:77)
Caused by: java.io.IOException: ".LOGGERS.log" does not exist
at org.apache.commons.mail.MultiPartEmail.attach(MultiPartEmail.java:323)
... 35 more
]]>
            </full-stacktrace>
          </exception> <!-- org.apache.commons.mail.EmailException -->
          <reporter-output>
          </reporter-output>
        </test-method> <!-- test7 -->
        <test-method status="SKIP" signature="tearDown()[pri:0, instance:com.extentreport.BasicExtentReport@6a03bcb1]" name="tearDown" is-config="true" duration-ms="-1593929439546" started-at="2020-07-05T11:40:39 IST" finished-at="1970-01-01T05:30:00 IST">
          <reporter-output>
          </reporter-output>
        </test-method> <!-- tearDown -->
        <test-method status="SKIP" signature="setUp()[pri:0, instance:com.extentreport.BasicExtentReport@6a03bcb1]" name="setUp" is-config="true" duration-ms="-1593929439551" started-at="2020-07-05T11:40:39 IST" finished-at="1970-01-01T05:30:00 IST">
          <reporter-output>
          </reporter-output>
        </test-method> <!-- setUp -->
        <test-method status="SKIP" signature="test8()[pri:0, instance:com.extentreport.BasicExtentReport@6a03bcb1]" name="test8" duration-ms="0" started-at="2020-07-05T11:40:39 IST" finished-at="2020-07-05T11:40:39 IST">
          <exception class="org.apache.commons.mail.EmailException">
            <message>
              <![CDATA[Cannot attach file ".LOGGERS.log"]]>
            </message>
            <full-stacktrace>
              <![CDATA[org.apache.commons.mail.EmailException: Cannot attach file ".LOGGERS.log"
at org.apache.commons.mail.MultiPartEmail.attach(MultiPartEmail.java:334)
at email.Email.sendEmail(Email.java:39)
at com.extentreport.BasicExtentReport.tearDown(BasicExtentReport.java:275)
at sun.reflect.NativeMethodAccessorImpl.invoke0(Native Method)
at sun.reflect.NativeMethodAccessorImpl.invoke(NativeMethodAccessorImpl.java:62)
at sun.reflect.DelegatingMethodAccessorImpl.invoke(DelegatingMethodAccessorImpl.java:43)
at java.lang.reflect.Method.invoke(Method.java:498)
at org.testng.internal.MethodInvocationHelper.invokeMethod(MethodInvocationHelper.java:135)
at org.testng.internal.MethodInvocationHelper.invokeMethodConsideringTimeout(MethodInvocationHelper.java:64)
at org.testng.internal.ConfigInvoker.invokeConfigurationMethod(ConfigInvoker.java:364)
at org.testng.internal.ConfigInvoker.invokeConfigurations(ConfigInvoker.java:318)
at org.testng.internal.TestInvoker.runConfigMethods(TestInvoker.java:700)
at org.testng.internal.TestInvoker.runAfterGroupsConfigurations(TestInvoker.java:676)
at org.testng.internal.TestInvoker.invokeMethod(TestInvoker.java:660)
at org.testng.internal.TestInvoker.invokeTestMethod(TestInvoker.java:174)
at org.testng.internal.MethodRunner.runInSequence(MethodRunner.java:46)
at org.testng.internal.TestInvoker$MethodInvocationAgent.invoke(TestInvoker.java:821)
at org.testng.internal.TestInvoker.invokeTestMethods(TestInvoker.java:147)
at org.testng.internal.TestMethodWorker.invokeTestMethods(TestMethodWorker.java:146)
at org.testng.internal.TestMethodWorker.run(TestMethodWorker.java:128)
at java.util.ArrayList.forEach(ArrayList.java:1257)
at org.testng.TestRunner.privateRun(TestRunner.java:767)
at org.testng.TestRunner.run(TestRunner.java:588)
at org.testng.SuiteRunner.runTest(SuiteRunner.java:384)
at org.testng.SuiteRunner.runSequentially(SuiteRunner.java:378)
at org.testng.SuiteRunner.privateRun(SuiteRunner.java:337)
at org.testng.SuiteRunner.run(SuiteRunner.java:286)
at org.testng.SuiteRunnerWorker.runSuite(SuiteRunnerWorker.java:53)
at org.testng.SuiteRunnerWorker.run(SuiteRunnerWorker.java:96)
at org.testng.TestNG.runSuitesSequentially(TestNG.java:1214)
at org.testng.TestNG.runSuitesLocally(TestNG.java:1136)
at org.testng.TestNG.runSuites(TestNG.java:1066)
at org.testng.TestNG.run(TestNG.java:1034)
at org.testng.remote.AbstractRemoteTestNG.run(AbstractRemoteTestNG.java:115)
at org.testng.remote.RemoteTestNG.initAndRun(RemoteTestNG.java:251)
at org.testng.remote.RemoteTestNG.main(RemoteTestNG.java:77)
Caused by: java.io.IOException: ".LOGGERS.log" does not exist
at org.apache.commons.mail.MultiPartEmail.attach(MultiPartEmail.java:323)
... 35 more
]]>
            </full-stacktrace>
          </exception> <!-- org.apache.commons.mail.EmailException -->
          <reporter-output>
          </reporter-output>
        </test-method> <!-- test8 -->
        <test-method status="SKIP" signature="tearDown()[pri:0, instance:com.extentreport.BasicExtentReport@6a03bcb1]" name="tearDown" is-config="true" duration-ms="-1593929439559" started-at="2020-07-05T11:40:39 IST" finished-at="1970-01-01T05:30:00 IST">
          <reporter-output>
          </reporter-output>
        </test-method> <!-- tearDown -->
        <test-method status="SKIP" signature="setUp()[pri:0, instance:com.extentreport.BasicExtentReport@6a03bcb1]" name="setUp" is-config="true" duration-ms="-1593929439561" started-at="2020-07-05T11:40:39 IST" finished-at="1970-01-01T05:30:00 IST">
          <reporter-output>
          </reporter-output>
        </test-method> <!-- setUp -->
        <test-method status="SKIP" signature="test9()[pri:0, instance:com.extentreport.BasicExtentReport@6a03bcb1]" name="test9" duration-ms="0" started-at="2020-07-05T11:40:39 IST" finished-at="2020-07-05T11:40:39 IST">
          <exception class="org.apache.commons.mail.EmailException">
            <message>
              <![CDATA[Cannot attach file ".LOGGERS.log"]]>
            </message>
            <full-stacktrace>
              <![CDATA[org.apache.commons.mail.EmailException: Cannot attach file ".LOGGERS.log"
at org.apache.commons.mail.MultiPartEmail.attach(MultiPartEmail.java:334)
at email.Email.sendEmail(Email.java:39)
at com.extentreport.BasicExtentReport.tearDown(BasicExtentReport.java:275)
at sun.reflect.NativeMethodAccessorImpl.invoke0(Native Method)
at sun.reflect.NativeMethodAccessorImpl.invoke(NativeMethodAccessorImpl.java:62)
at sun.reflect.DelegatingMethodAccessorImpl.invoke(DelegatingMethodAccessorImpl.java:43)
at java.lang.reflect.Method.invoke(Method.java:498)
at org.testng.internal.MethodInvocationHelper.invokeMethod(MethodInvocationHelper.java:135)
at org.testng.internal.MethodInvocationHelper.invokeMethodConsideringTimeout(MethodInvocationHelper.java:64)
at org.testng.internal.ConfigInvoker.invokeConfigurationMethod(ConfigInvoker.java:364)
at org.testng.internal.ConfigInvoker.invokeConfigurations(ConfigInvoker.java:318)
at org.testng.internal.TestInvoker.runConfigMethods(TestInvoker.java:700)
at org.testng.internal.TestInvoker.runAfterGroupsConfigurations(TestInvoker.java:676)
at org.testng.internal.TestInvoker.invokeMethod(TestInvoker.java:660)
at org.testng.internal.TestInvoker.invokeTestMethod(TestInvoker.java:174)
at org.testng.internal.MethodRunner.runInSequence(MethodRunner.java:46)
at org.testng.internal.TestInvoker$MethodInvocationAgent.invoke(TestInvoker.java:821)
at org.testng.internal.TestInvoker.invokeTestMethods(TestInvoker.java:147)
at org.testng.internal.TestMethodWorker.invokeTestMethods(TestMethodWorker.java:146)
at org.testng.internal.TestMethodWorker.run(TestMethodWorker.java:128)
at java.util.ArrayList.forEach(ArrayList.java:1257)
at org.testng.TestRunner.privateRun(TestRunner.java:767)
at org.testng.TestRunner.run(TestRunner.java:588)
at org.testng.SuiteRunner.runTest(SuiteRunner.java:384)
at org.testng.SuiteRunner.runSequentially(SuiteRunner.java:378)
at org.testng.SuiteRunner.privateRun(SuiteRunner.java:337)
at org.testng.SuiteRunner.run(SuiteRunner.java:286)
at org.testng.SuiteRunnerWorker.runSuite(SuiteRunnerWorker.java:53)
at org.testng.SuiteRunnerWorker.run(SuiteRunnerWorker.java:96)
at org.testng.TestNG.runSuitesSequentially(TestNG.java:1214)
at org.testng.TestNG.runSuitesLocally(TestNG.java:1136)
at org.testng.TestNG.runSuites(TestNG.java:1066)
at org.testng.TestNG.run(TestNG.java:1034)
at org.testng.remote.AbstractRemoteTestNG.run(AbstractRemoteTestNG.java:115)
at org.testng.remote.RemoteTestNG.initAndRun(RemoteTestNG.java:251)
at org.testng.remote.RemoteTestNG.main(RemoteTestNG.java:77)
Caused by: java.io.IOException: ".LOGGERS.log" does not exist
at org.apache.commons.mail.MultiPartEmail.attach(MultiPartEmail.java:323)
... 35 more
]]>
            </full-stacktrace>
          </exception> <!-- org.apache.commons.mail.EmailException -->
          <reporter-output>
          </reporter-output>
        </test-method> <!-- test9 -->
        <test-method status="SKIP" signature="tearDown()[pri:0, instance:com.extentreport.BasicExtentReport@6a03bcb1]" name="tearDown" is-config="true" duration-ms="-1593929439586" started-at="2020-07-05T11:40:39 IST" finished-at="1970-01-01T05:30:00 IST">
          <reporter-output>
          </reporter-output>
        </test-method> <!-- tearDown -->
        <test-method status="SKIP" signature="tearDown()[pri:0, instance:com.extentreport.BasicExtentReport@6a03bcb1]" name="tearDown" is-config="true" duration-ms="-1593929439691" started-at="2020-07-05T11:40:39 IST" finished-at="1970-01-01T05:30:00 IST">
          <reporter-output>
          </reporter-output>
        </test-method> <!-- tearDown -->
      </class> <!-- com.extentreport.BasicExtentReport -->
    </test> <!-- Test -->
  </suite> <!-- Suite -->
</testng-results>
