<?xml version="1.0" encoding="UTF-8"?>
<testng-results skipped="0" failed="0" ignored="0" total="10" passed="10">
  <reporter-output>
  </reporter-output>
  <suite name="Default suite" duration-ms="112755" started-at="2020-07-04T01:41:10 IST" finished-at="2020-07-04T01:43:03 IST">
    <groups>
    </groups>
    <test name="Default test" duration-ms="112755" started-at="2020-07-04T01:41:10 IST" finished-at="2020-07-04T01:43:03 IST">
      <class name="com.extentreport.BasicExtentReport">
        <test-method status="PASS" signature="setUp()[pri:0, instance:com.extentreport.BasicExtentReport@33c7e1bb]" name="setUp" is-config="true" duration-ms="145" started-at="2020-07-04T01:41:10 IST" finished-at="2020-07-04T01:41:10 IST">
          <reporter-output>
          </reporter-output>
        </test-method> <!-- setUp -->
        <test-method status="PASS" signature="test1()[pri:0, instance:com.extentreport.BasicExtentReport@33c7e1bb]" name="test1" duration-ms="11425" started-at="2020-07-04T01:41:10 IST" finished-at="2020-07-04T01:41:21 IST">
          <reporter-output>
          </reporter-output>
        </test-method> <!-- test1 -->
        <test-method status="PASS" signature="test10()[pri:0, instance:com.extentreport.BasicExtentReport@33c7e1bb]" name="test10" duration-ms="13024" started-at="2020-07-04T01:41:21 IST" finished-at="2020-07-04T01:41:34 IST">
          <reporter-output>
          </reporter-output>
        </test-method> <!-- test10 -->
        <test-method status="PASS" signature="test2()[pri:0, instance:com.extentreport.BasicExtentReport@33c7e1bb]" name="test2" duration-ms="10161" started-at="2020-07-04T01:41:34 IST" finished-at="2020-07-04T01:41:45 IST">
          <reporter-output>
          </reporter-output>
        </test-method> <!-- test2 -->
        <test-method status="PASS" signature="test3()[pri:0, instance:com.extentreport.BasicExtentReport@33c7e1bb]" name="test3" duration-ms="9284" started-at="2020-07-04T01:41:45 IST" finished-at="2020-07-04T01:41:54 IST">
          <reporter-output>
          </reporter-output>
        </test-method> <!-- test3 -->
        <test-method status="PASS" signature="test4()[pri:0, instance:com.extentreport.BasicExtentReport@33c7e1bb]" name="test4" duration-ms="9363" started-at="2020-07-04T01:41:54 IST" finished-at="2020-07-04T01:42:03 IST">
          <reporter-output>
          </reporter-output>
        </test-method> <!-- test4 -->
        <test-method status="PASS" signature="test5()[pri:0, instance:com.extentreport.BasicExtentReport@33c7e1bb]" name="test5" duration-ms="9730" started-at="2020-07-04T01:42:03 IST" finished-at="2020-07-04T01:42:13 IST">
          <reporter-output>
          </reporter-output>
        </test-method> <!-- test5 -->
        <test-method status="PASS" signature="test6()[pri:0, instance:com.extentreport.BasicExtentReport@33c7e1bb]" name="test6" duration-ms="16673" started-at="2020-07-04T01:42:13 IST" finished-at="2020-07-04T01:42:30 IST">
          <reporter-output>
          </reporter-output>
        </test-method> <!-- test6 -->
        <test-method status="PASS" signature="test7()[pri:0, instance:com.extentreport.BasicExtentReport@33c7e1bb]" name="test7" duration-ms="10132" started-at="2020-07-04T01:42:30 IST" finished-at="2020-07-04T01:42:40 IST">
          <reporter-output>
          </reporter-output>
        </test-method> <!-- test7 -->
        <test-method status="PASS" signature="test8()[pri:0, instance:com.extentreport.BasicExtentReport@33c7e1bb]" name="test8" duration-ms="9454" started-at="2020-07-04T01:42:40 IST" finished-at="2020-07-04T01:42:49 IST">
          <reporter-output>
          </reporter-output>
        </test-method> <!-- test8 -->
        <test-method status="PASS" signature="test9()[pri:0, instance:com.extentreport.BasicExtentReport@33c7e1bb]" name="test9" duration-ms="13418" started-at="2020-07-04T01:42:49 IST" finished-at="2020-07-04T01:43:03 IST">
          <reporter-output>
          </reporter-output>
        </test-method> <!-- test9 -->
        <test-method status="FAIL" signature="tearDown()[pri:0, instance:com.extentreport.BasicExtentReport@33c7e1bb]" name="tearDown" is-config="true" duration-ms="529" started-at="2020-07-04T01:43:03 IST" finished-at="2020-07-04T01:43:03 IST">
          <exception class="org.apache.commons.mail.EmailException">
            <message>
              <![CDATA[Cannot attach file ".LOGGERS.log"]]>
            </message>
            <full-stacktrace>
              <![CDATA[org.apache.commons.mail.EmailException: Cannot attach file ".LOGGERS.log"
at org.apache.commons.mail.MultiPartEmail.attach(MultiPartEmail.java:334)
at email.Email.sendEmail(Email.java:39)
at com.extentreport.BasicExtentReport.tearDown(BasicExtentReport.java:270)
at sun.reflect.NativeMethodAccessorImpl.invoke0(Native Method)
at sun.reflect.NativeMethodAccessorImpl.invoke(NativeMethodAccessorImpl.java:62)
at sun.reflect.DelegatingMethodAccessorImpl.invoke(DelegatingMethodAccessorImpl.java:43)
at java.lang.reflect.Method.invoke(Method.java:498)
at org.testng.internal.MethodInvocationHelper.invokeMethod(MethodInvocationHelper.java:135)
at org.testng.internal.MethodInvocationHelper.invokeMethodConsideringTimeout(MethodInvocationHelper.java:64)
at org.testng.internal.ConfigInvoker.invokeConfigurationMethod(ConfigInvoker.java:364)
at org.testng.internal.ConfigInvoker.invokeConfigurations(ConfigInvoker.java:318)
at org.testng.SuiteRunner.privateRun(SuiteRunner.java:351)
at org.testng.SuiteRunner.run(SuiteRunner.java:286)
at org.testng.SuiteRunnerWorker.runSuite(SuiteRunnerWorker.java:53)
at org.testng.SuiteRunnerWorker.run(SuiteRunnerWorker.java:96)
at org.testng.TestNG.runSuitesSequentially(TestNG.java:1214)
at org.testng.TestNG.runSuitesLocally(TestNG.java:1136)
at org.testng.TestNG.runSuites(TestNG.java:1066)
at org.testng.TestNG.run(TestNG.java:1034)
at org.testng.remote.AbstractRemoteTestNG.run(AbstractRemoteTestNG.java:115)
at org.testng.remote.RemoteTestNG.initAndRun(RemoteTestNG.java:251)
at org.testng.remote.RemoteTestNG.main(RemoteTestNG.java:77)
Caused by: java.io.IOException: ".LOGGERS.log" does not exist
at org.apache.commons.mail.MultiPartEmail.attach(MultiPartEmail.java:323)
... 21 more
]]>
            </full-stacktrace>
          </exception> <!-- org.apache.commons.mail.EmailException -->
          <reporter-output>
          </reporter-output>
        </test-method> <!-- tearDown -->
      </class> <!-- com.extentreport.BasicExtentReport -->
    </test> <!-- Default test -->
  </suite> <!-- Default suite -->
</testng-results>
